app/build/intermediates/manifest_merge_blame_file/debug/manifest-merger-blame-debug-report.txt
1<?xml version="1.0" encoding="utf-8"?>
2<manifest xmlns:android="http://schemas.android.com/apk/res/android"
3    package="com.example.testingskripsinew"
4    android:versionCode="1"
5    android:versionName="1.0" >
6
7    <uses-sdk
8        android:minSdkVersion="21"
8-->src\main\AndroidManifest.xml
9        android:targetSdkVersion="30" />
9-->src\main\AndroidManifest.xml
10
11    <uses-permission android:name="android.permission.ACCESS_FINE_LOCATION" />
11-->src\main\AndroidManifest.xml:6:5-79
11-->src\main\AndroidManifest.xml:6:22-76
12    <uses-permission android:name="android.permission.ACCESS_COARSE_LOCATION" />
12-->src\main\AndroidManifest.xml:7:5-81
12-->src\main\AndroidManifest.xml:7:22-78
13    <uses-permission android:name="android.permission.ACCESS_NETWORK_STATE" />
13-->src\main\AndroidManifest.xml:8:5-79
13-->src\main\AndroidManifest.xml:8:22-76
14    <uses-permission android:name="android.permission.ACCESS_LOCATION" />
14-->src\main\AndroidManifest.xml:9:5-74
14-->src\main\AndroidManifest.xml:9:22-71
15    <uses-permission android:name="android.permission.INTERNET" />
15-->src\main\AndroidManifest.xml:10:5-67
15-->src\main\AndroidManifest.xml:10:22-64
16    <uses-permission android:name="com.sharingdisini.gosokasik.permission.MAPS_RECEIVE" />
16-->src\main\AndroidManifest.xml:11:5-91
16-->src\main\AndroidManifest.xml:11:22-88
17    <uses-permission android:name="com.google.android.providers.gsf.permission.READ_GSERVICES" />
17-->src\main\AndroidManifest.xml:12:5-98
17-->src\main\AndroidManifest.xml:12:22-95
18    <uses-permission android:name="android.permission.WRITE_EXTERNAL_STORAGE" />
18-->src\main\AndroidManifest.xml:13:5-81
18-->src\main\AndroidManifest.xml:13:22-78
19    <uses-permission android:name="android.permission.ACCESS_BACKGROUND_LOCATION" />
19-->src\main\AndroidManifest.xml:14:5-85
19-->src\main\AndroidManifest.xml:14:22-82
20
21    <uses-feature
21-->src\main\AndroidManifest.xml:16:5-18:35
22        android:glEsVersion="0x00020000"
22-->src\main\AndroidManifest.xml:17:9-41
23        android:required="true" />
23-->src\main\AndroidManifest.xml:18:9-32
24
25    <uses-permission android:name="android.permission.WAKE_LOCK" />
25-->[com.google.android.gms:play-services-measurement:18.0.0] AndroidManifest.xml:25:5-68
25-->[com.google.android.gms:play-services-measurement:18.0.0] AndroidManifest.xml:25:22-65
26    <uses-permission android:name="com.google.android.finsky.permission.BIND_GET_INSTALL_REFERRER_SERVICE" />
26-->[com.google.android.gms:play-services-measurement:18.0.0] AndroidManifest.xml:26:5-110
26-->[com.google.android.gms:play-services-measurement:18.0.0] AndroidManifest.xml:26:22-107
27
28    <application
28-->src\main\AndroidManifest.xml:20:5-64:19
29        android:allowBackup="true"
29-->src\main\AndroidManifest.xml:21:9-35
30        android:appComponentFactory="androidx.core.app.CoreComponentFactory"
30-->[androidx.core:core:1.3.2] AndroidManifest.xml:24:18-86
31        android:debuggable="true"
32        android:icon="@mipmap/ic_launcher"
32-->src\main\AndroidManifest.xml:22:9-43
33        android:label="@string/app_name"
33-->src\main\AndroidManifest.xml:23:9-41
34        android:roundIcon="@mipmap/ic_launcher_round"
34-->src\main\AndroidManifest.xml:24:9-54
35        android:supportsRtl="true"
35-->src\main\AndroidManifest.xml:25:9-35
36        android:testOnly="true"
37        android:theme="@style/AppTheme"
37-->src\main\AndroidManifest.xml:26:9-40
38        android:usesCleartextTraffic="true" >
38-->src\main\AndroidManifest.xml:27:9-44
39        <activity android:name="com.example.testingskripsinew.ScheduleActivity" />
39-->src\main\AndroidManifest.xml:29:9-63
39-->src\main\AndroidManifest.xml:29:19-51
40
41        <meta-data
41-->src\main\AndroidManifest.xml:31:9-33:55
42            android:name="com.google.android.geo.API_KEY"
42-->src\main\AndroidManifest.xml:32:13-58
43            android:value="@string/google_maps_key" />
43-->src\main\AndroidManifest.xml:33:13-52
44
45        <activity
45-->src\main\AndroidManifest.xml:35:9-37:64
46            android:name="com.example.testingskripsinew.ViewMapsActivity"
46-->src\main\AndroidManifest.xml:36:13-45
47            android:label="@string/title_activity_view_maps" />
47-->src\main\AndroidManifest.xml:37:13-61
48
49        <receiver
49-->src\main\AndroidManifest.xml:39:9-42:39
50            android:name="com.example.testingskripsinew.GeofenceBroadcastReceiver"
50-->src\main\AndroidManifest.xml:40:13-54
51            android:enabled="true"
51-->src\main\AndroidManifest.xml:41:13-35
52            android:exported="true" />
52-->src\main\AndroidManifest.xml:42:13-36
53
54        <activity android:name="com.example.testingskripsinew.ReaderScanActivity" />
54-->src\main\AndroidManifest.xml:44:9-56
54-->src\main\AndroidManifest.xml:44:19-53
55        <activity android:name="com.example.testingskripsinew.HistoryUser" />
55-->src\main\AndroidManifest.xml:45:9-49
55-->src\main\AndroidManifest.xml:45:19-46
56        <activity android:name="com.example.testingskripsinew.HistoryAsdos_Keluar" />
56-->src\main\AndroidManifest.xml:46:9-57
56-->src\main\AndroidManifest.xml:46:19-54
57        <activity android:name="com.example.testingskripsinew.HistoryAsdos_Absen" />
57-->src\main\AndroidManifest.xml:47:9-56
57-->src\main\AndroidManifest.xml:47:19-53
58        <activity android:name="com.example.testingskripsinew.HistoryAsdos_Izin" />
58-->src\main\AndroidManifest.xml:48:9-55
58-->src\main\AndroidManifest.xml:48:19-52
59        <activity android:name="com.example.testingskripsinew.HistoryAsdos_Hadir" />
59-->src\main\AndroidManifest.xml:49:9-56
59-->src\main\AndroidManifest.xml:49:19-53
60        <activity android:name="com.example.testingskripsinew.asdos.ProfilAsdos" />
60-->src\main\AndroidManifest.xml:50:9-55
60-->src\main\AndroidManifest.xml:50:19-52
61        <activity android:name="com.example.testingskripsinew.user.ProfilUser" />
61-->src\main\AndroidManifest.xml:51:9-53
61-->src\main\AndroidManifest.xml:51:19-50
62        <activity android:name="com.example.testingskripsinew.asdos.MainActivityAsdos" />
62-->src\main\AndroidManifest.xml:52:9-61
62-->src\main\AndroidManifest.xml:52:19-58
63        <activity android:name="com.example.testingskripsinew.user.MainActivityUser" />
63-->src\main\AndroidManifest.xml:53:9-59
63-->src\main\AndroidManifest.xml:53:19-56
64        <activity android:name="com.example.testingskripsinew.asdos.LoginAsdos" />
64-->src\main\AndroidManifest.xml:54:9-54
64-->src\main\AndroidManifest.xml:54:19-51
65        <activity android:name="com.example.testingskripsinew.user.LoginUser" />
65-->src\main\AndroidManifest.xml:55:9-52
65-->src\main\AndroidManifest.xml:55:19-49
66        <activity android:name="com.example.testingskripsinew.PilihAkunActivity" />
66-->src\main\AndroidManifest.xml:56:9-55
66-->src\main\AndroidManifest.xml:56:19-52
67        <activity android:name="com.example.testingskripsinew.SplashScreen" >
67-->src\main\AndroidManifest.xml:57:9-63:20
67-->src\main\AndroidManifest.xml:57:19-47
68            <intent-filter>
68-->src\main\AndroidManifest.xml:58:13-62:29
69                <action android:name="android.intent.action.MAIN" />
69-->src\main\AndroidManifest.xml:59:17-69
69-->src\main\AndroidManifest.xml:59:25-66
70
71                <category android:name="android.intent.category.LAUNCHER" />
71-->src\main\AndroidManifest.xml:61:17-77
71-->src\main\AndroidManifest.xml:61:27-74
72            </intent-filter>
73        </activity>
74
75        <service
75-->[com.google.firebase:firebase-analytics-ktx:18.0.0] AndroidManifest.xml:8:9-14:19
76            android:name="com.google.firebase.components.ComponentDiscoveryService"
76-->[com.google.firebase:firebase-analytics-ktx:18.0.0] AndroidManifest.xml:9:13-84
77            android:directBootAware="true"
77-->[com.google.firebase:firebase-common:19.5.0] AndroidManifest.xml:35:13-43
78            android:exported="false" >
78-->[com.google.firebase:firebase-analytics-ktx:18.0.0] AndroidManifest.xml:10:13-37
79            <meta-data
79-->[com.google.firebase:firebase-analytics-ktx:18.0.0] AndroidManifest.xml:11:13-13:85
80                android:name="com.google.firebase.components:com.google.firebase.analytics.ktx.FirebaseAnalyticsKtxRegistrar"
80-->[com.google.firebase:firebase-analytics-ktx:18.0.0] AndroidManifest.xml:12:17-126
81                android:value="com.google.firebase.components.ComponentRegistrar" />
81-->[com.google.firebase:firebase-analytics-ktx:18.0.0] AndroidManifest.xml:13:17-82
82            <meta-data
82-->[com.google.firebase:firebase-database-ktx:19.6.0] AndroidManifest.xml:15:13-17:85
83                android:name="com.google.firebase.components:com.google.firebase.database.ktx.FirebaseDatabaseKtxRegistrar"
83-->[com.google.firebase:firebase-database-ktx:19.6.0] AndroidManifest.xml:16:17-124
84                android:value="com.google.firebase.components.ComponentRegistrar" />
84-->[com.google.firebase:firebase-database-ktx:19.6.0] AndroidManifest.xml:17:17-82
85            <meta-data
85-->[com.google.firebase:firebase-storage-ktx:19.2.1] AndroidManifest.xml:15:13-17:85
86                android:name="com.google.firebase.components:com.google.firebase.storage.ktx.FirebaseStorageKtxRegistrar"
86-->[com.google.firebase:firebase-storage-ktx:19.2.1] AndroidManifest.xml:16:17-122
87                android:value="com.google.firebase.components.ComponentRegistrar" />
87-->[com.google.firebase:firebase-storage-ktx:19.2.1] AndroidManifest.xml:17:17-82
88            <meta-data
88-->[com.google.firebase:firebase-common-ktx:19.5.0] AndroidManifest.xml:15:13-17:85
89                android:name="com.google.firebase.components:com.google.firebase.ktx.FirebaseCommonKtxRegistrar"
89-->[com.google.firebase:firebase-common-ktx:19.5.0] AndroidManifest.xml:16:17-113
90                android:value="com.google.firebase.components.ComponentRegistrar" />
90-->[com.google.firebase:firebase-common-ktx:19.5.0] AndroidManifest.xml:17:17-82
91            <meta-data
91-->[com.google.firebase:firebase-database:19.6.0] AndroidManifest.xml:32:13-34:85
92                android:name="com.google.firebase.components:com.google.firebase.database.DatabaseRegistrar"
92-->[com.google.firebase:firebase-database:19.6.0] AndroidManifest.xml:33:17-109
93                android:value="com.google.firebase.components.ComponentRegistrar" />
93-->[com.google.firebase:firebase-database:19.6.0] AndroidManifest.xml:34:17-82
94            <meta-data
94-->[com.google.firebase:firebase-storage:19.2.1] AndroidManifest.xml:33:13-35:85
95                android:name="com.google.firebase.components:com.google.firebase.storage.StorageRegistrar"
95-->[com.google.firebase:firebase-storage:19.2.1] AndroidManifest.xml:34:17-107
96                android:value="com.google.firebase.components.ComponentRegistrar" />
96-->[com.google.firebase:firebase-storage:19.2.1] AndroidManifest.xml:35:17-82
97            <meta-data
97-->[com.google.android.gms:play-services-measurement-api:18.0.0] AndroidManifest.xml:30:13-32:85
98                android:name="com.google.firebase.components:com.google.firebase.analytics.connector.internal.AnalyticsConnectorRegistrar"
98-->[com.google.android.gms:play-services-measurement-api:18.0.0] AndroidManifest.xml:31:17-139
99                android:value="com.google.firebase.components.ComponentRegistrar" />
99-->[com.google.android.gms:play-services-measurement-api:18.0.0] AndroidManifest.xml:32:17-82
100            <meta-data
100-->[com.google.firebase:firebase-installations:16.3.2] AndroidManifest.xml:17:13-19:85
101                android:name="com.google.firebase.components:com.google.firebase.installations.FirebaseInstallationsRegistrar"
101-->[com.google.firebase:firebase-installations:16.3.2] AndroidManifest.xml:18:17-127
102                android:value="com.google.firebase.components.ComponentRegistrar" />
102-->[com.google.firebase:firebase-installations:16.3.2] AndroidManifest.xml:19:17-82
103            <!--
104                This registrar is not defined in the dynamic-module-support sdk itself to allow non-firebase
105                clients to use it as well, by defining this registrar in their own core/common library.
106            -->
107            <meta-data
107-->[com.google.firebase:firebase-common:19.5.0] AndroidManifest.xml:43:13-45:85
108                android:name="com.google.firebase.components:com.google.firebase.dynamicloading.DynamicLoadingRegistrar"
108-->[com.google.firebase:firebase-common:19.5.0] AndroidManifest.xml:44:17-121
109                android:value="com.google.firebase.components.ComponentRegistrar" />
109-->[com.google.firebase:firebase-common:19.5.0] AndroidManifest.xml:45:17-82
110        </service> <!-- Needs to be explicitly declared on P+ -->
111        <uses-library
111-->[com.google.android.gms:play-services-maps:17.0.0] AndroidManifest.xml:33:9-35:40
112            android:name="org.apache.http.legacy"
112-->[com.google.android.gms:play-services-maps:17.0.0] AndroidManifest.xml:34:13-50
113            android:required="false" />
113-->[com.google.android.gms:play-services-maps:17.0.0] AndroidManifest.xml:35:13-37
114
115        <receiver
115-->[com.google.android.gms:play-services-measurement:18.0.0] AndroidManifest.xml:29:9-33:20
116            android:name="com.google.android.gms.measurement.AppMeasurementReceiver"
116-->[com.google.android.gms:play-services-measurement:18.0.0] AndroidManifest.xml:30:13-85
117            android:enabled="true"
117-->[com.google.android.gms:play-services-measurement:18.0.0] AndroidManifest.xml:31:13-35
118            android:exported="false" >
118-->[com.google.android.gms:play-services-measurement:18.0.0] AndroidManifest.xml:32:13-37
119        </receiver>
120
121        <service
121-->[com.google.android.gms:play-services-measurement:18.0.0] AndroidManifest.xml:35:9-38:40
122            android:name="com.google.android.gms.measurement.AppMeasurementService"
122-->[com.google.android.gms:play-services-measurement:18.0.0] AndroidManifest.xml:36:13-84
123            android:enabled="true"
123-->[com.google.android.gms:play-services-measurement:18.0.0] AndroidManifest.xml:37:13-35
124            android:exported="false" />
124-->[com.google.android.gms:play-services-measurement:18.0.0] AndroidManifest.xml:38:13-37
125        <service
125-->[com.google.android.gms:play-services-measurement:18.0.0] AndroidManifest.xml:39:9-43:72
126            android:name="com.google.android.gms.measurement.AppMeasurementJobService"
126-->[com.google.android.gms:play-services-measurement:18.0.0] AndroidManifest.xml:40:13-87
127            android:enabled="true"
127-->[com.google.android.gms:play-services-measurement:18.0.0] AndroidManifest.xml:41:13-35
128            android:exported="false"
128-->[com.google.android.gms:play-services-measurement:18.0.0] AndroidManifest.xml:42:13-37
129            android:permission="android.permission.BIND_JOB_SERVICE" />
129-->[com.google.android.gms:play-services-measurement:18.0.0] AndroidManifest.xml:43:13-69
130
131        <activity
131-->[com.google.android.gms:play-services-base:17.3.0] AndroidManifest.xml:23:9-26:75
132            android:name="com.google.android.gms.common.api.GoogleApiActivity"
132-->[com.google.android.gms:play-services-base:17.3.0] AndroidManifest.xml:24:13-79
133            android:exported="false"
133-->[com.google.android.gms:play-services-base:17.3.0] AndroidManifest.xml:25:13-37
134            android:theme="@android:style/Theme.Translucent.NoTitleBar" />
134-->[com.google.android.gms:play-services-base:17.3.0] AndroidManifest.xml:26:13-72
135
136        <provider
136-->[com.google.firebase:firebase-common:19.5.0] AndroidManifest.xml:26:9-31:39
137            android:name="com.google.firebase.provider.FirebaseInitProvider"
137-->[com.google.firebase:firebase-common:19.5.0] AndroidManifest.xml:27:13-77
138            android:authorities="com.example.testingskripsinew.firebaseinitprovider"
138-->[com.google.firebase:firebase-common:19.5.0] AndroidManifest.xml:28:13-72
139            android:directBootAware="true"
139-->[com.google.firebase:firebase-common:19.5.0] AndroidManifest.xml:29:13-43
140            android:exported="false"
140-->[com.google.firebase:firebase-common:19.5.0] AndroidManifest.xml:30:13-37
141            android:initOrder="100" />
141-->[com.google.firebase:firebase-common:19.5.0] AndroidManifest.xml:31:13-36
142
143        <meta-data
143-->[com.google.android.gms:play-services-basement:17.3.0] AndroidManifest.xml:23:9-25:69
144            android:name="com.google.android.gms.version"
144-->[com.google.android.gms:play-services-basement:17.3.0] AndroidManifest.xml:24:13-58
145            android:value="@integer/google_play_services_version" />
145-->[com.google.android.gms:play-services-basement:17.3.0] AndroidManifest.xml:25:13-66
146    </application>
147
148</manifest>